<?xml version="1.0" encoding="utf-8"?><testsuites name="pytest tests"><testsuite name="pytest" errors="0" failures="0" skipped="0" tests="21" time="37.134" timestamp="2026-07-16T06:55:41.913993+00:00" hostname="agent-env-13c99299-5777-414e-8f69-1730c3e4036d"><testcase classname="backend.tests.test_final_smoke" name="test_get_endpoint_returns_200[/api/]" time="0.293" /><testcase classname="backend.tests.test_final_smoke" name="test_get_endpoint_returns_200[/api/briefing]" time="18.964" /><testcase classname="backend.tests.test_final_smoke" name="test_get_endpoint_returns_200[/api/executive]" time="0.115" /><testcase classname="backend.tests.test_final_smoke" name="test_get_endpoint_returns_200[/api/portfolio-memory]" time="0.086" /><testcase classname="backend.tests.test_final_smoke" name="test_get_endpoint_returns_200[/api/intelligence]" time="0.105" /><testcase classname="backend.tests.test_final_smoke" name="test_get_endpoint_returns_200[/api/properties]" time="0.090" /><testcase classname="backend.tests.test_final_smoke" name="test_get_endpoint_returns_200[/api/decisions]" time="0.076" /><testcase classname="backend.tests.test_final_smoke" name="test_get_endpoint_returns_200[/api/tenants]" time="0.083" /><testcase classname="backend.tests.test_final_smoke" name="test_get_endpoint_returns_200[/api/contracts]" time="0.098" /><testcase classname="backend.tests.test_final_smoke" name="test_get_endpoint_returns_200[/api/timeline]" time="0.160" /><testcase classname="backend.tests.test_final_smoke" name="test_get_endpoint_returns_200[/api/sensors]" time="0.070" /><testcase classname="backend.tests.test_final_smoke" name="test_get_endpoint_returns_200[/api/notifications]" time="6.416" /><testcase classname="backend.tests.test_final_smoke" name="test_get_endpoint_returns_200[/api/reports]" time="0.111" /><testcase classname="backend.tests.test_final_smoke" name="test_get_endpoint_returns_200[/api/knowledge]" time="0.069" /><testcase classname="backend.tests.test_final_smoke" name="test_get_endpoint_returns_200[/api/guides]" time="0.097" /><testcase classname="backend.tests.test_final_smoke" name="test_get_endpoint_returns_200[/api/owner]" time="0.073" /><testcase classname="backend.tests.test_final_smoke" name="test_get_endpoint_returns_200[/api/beta/info]" time="0.113" /><testcase classname="backend.tests.test_final_smoke" name="test_get_endpoint_returns_200[/api/build-info]" time="0.099" /><testcase classname="backend.tests.test_final_smoke" name="test_get_endpoint_returns_200[/api/verdicts]" time="0.085" /><testcase classname="backend.tests.test_final_smoke" name="test_get_endpoint_returns_200[/api/upload/last-applied]" time="0.074" /><testcase classname="backend.tests.test_final_smoke" name="test_upload_analysis_and_apply_roundtrip" time="9.784" /></testsuite></testsuites>