<?xml version="1.0" encoding="utf-8"?><testsuites name="pytest tests"><testsuite name="pytest" errors="0" failures="0" skipped="0" tests="22" time="35.471" timestamp="2026-07-16T06:33:37.374247+00:00" hostname="agent-env-13c99299-5777-414e-8f69-1730c3e4036d"><testcase classname="backend.tests.test_role_isolation_regression" name="test_endpoint_returns_200[/api/briefing]" time="17.270" /><testcase classname="backend.tests.test_role_isolation_regression" name="test_endpoint_returns_200[/api/executive]" time="0.041" /><testcase classname="backend.tests.test_role_isolation_regression" name="test_endpoint_returns_200[/api/properties]" time="0.039" /><testcase classname="backend.tests.test_role_isolation_regression" name="test_endpoint_returns_200[/api/tenants]" time="0.039" /><testcase classname="backend.tests.test_role_isolation_regression" name="test_endpoint_returns_200[/api/contracts]" time="0.059" /><testcase classname="backend.tests.test_role_isolation_regression" name="test_endpoint_returns_200[/api/reports]" time="0.162" /><testcase classname="backend.tests.test_role_isolation_regression" name="test_endpoint_returns_200[/api/notifications]" time="5.604" /><testcase classname="backend.tests.test_role_isolation_regression" name="test_endpoint_returns_200[/api/intelligence]" time="0.041" /><testcase classname="backend.tests.test_role_isolation_regression" name="test_endpoint_returns_200[/api/portfolio-memory]" time="0.081" /><testcase classname="backend.tests.test_role_isolation_regression" name="test_endpoint_returns_200[/api/sensors]" time="0.038" /><testcase classname="backend.tests.test_role_isolation_regression" name="test_endpoint_returns_200[/api/decisions]" time="0.045" /><testcase classname="backend.tests.test_role_isolation_regression" name="test_endpoint_returns_200[/api/timeline]" time="0.072" /><testcase classname="backend.tests.test_role_isolation_regression" name="test_endpoint_returns_200[/api/knowledge]" time="0.083" /><testcase classname="backend.tests.test_role_isolation_regression" name="test_endpoint_returns_200[/api/guides]" time="0.041" /><testcase classname="backend.tests.test_role_isolation_regression" name="test_endpoint_returns_200[/api/beta/info]" time="0.045" /><testcase classname="backend.tests.test_role_isolation_regression" name="test_endpoint_returns_200[/api/build-info]" time="0.041" /><testcase classname="backend.tests.test_role_isolation_regression" name="test_endpoint_returns_200[/api/owner]" time="0.040" /><testcase classname="backend.tests.test_role_isolation_regression" name="test_endpoint_returns_200[/api/verdicts]" time="0.038" /><testcase classname="backend.tests.test_role_isolation_regression.TestExecutive" name="test_version_executive_v2" time="0.039" /><testcase classname="backend.tests.test_role_isolation_regression.TestExecutive" name="test_real_portfolio_numbers" time="0.038" /><testcase classname="backend.tests.test_role_isolation_regression.TestUploadFlow" name="test_upload_portfolio_analysis" time="6.170" /><testcase classname="backend.tests.test_role_isolation_regression.TestUploadFlow" name="test_apply_analysis" time="5.366" /></testsuite></testsuites>