<?xml version="1.0" encoding="utf-8"?><testsuites name="pytest tests"><testsuite name="pytest" errors="0" failures="0" skipped="0" tests="21" time="33.163" timestamp="2026-07-16T08:08:16.709540+00:00" hostname="agent-env-13c99299-5777-414e-8f69-1730c3e4036d"><testcase classname="tests.test_final_smoke" name="test_get_endpoint_returns_200[/api/]" time="0.180" /><testcase classname="tests.test_final_smoke" name="test_get_endpoint_returns_200[/api/briefing]" time="14.645" /><testcase classname="tests.test_final_smoke" name="test_get_endpoint_returns_200[/api/executive]" time="0.242" /><testcase classname="tests.test_final_smoke" name="test_get_endpoint_returns_200[/api/portfolio-memory]" time="0.107" /><testcase classname="tests.test_final_smoke" name="test_get_endpoint_returns_200[/api/intelligence]" time="0.089" /><testcase classname="tests.test_final_smoke" name="test_get_endpoint_returns_200[/api/properties]" time="0.090" /><testcase classname="tests.test_final_smoke" name="test_get_endpoint_returns_200[/api/decisions]" time="0.077" /><testcase classname="tests.test_final_smoke" name="test_get_endpoint_returns_200[/api/tenants]" time="0.077" /><testcase classname="tests.test_final_smoke" name="test_get_endpoint_returns_200[/api/contracts]" time="0.199" /><testcase classname="tests.test_final_smoke" name="test_get_endpoint_returns_200[/api/timeline]" time="0.113" /><testcase classname="tests.test_final_smoke" name="test_get_endpoint_returns_200[/api/sensors]" time="0.074" /><testcase classname="tests.test_final_smoke" name="test_get_endpoint_returns_200[/api/notifications]" time="8.198" /><testcase classname="tests.test_final_smoke" name="test_get_endpoint_returns_200[/api/reports]" time="0.123" /><testcase classname="tests.test_final_smoke" name="test_get_endpoint_returns_200[/api/knowledge]" time="0.103" /><testcase classname="tests.test_final_smoke" name="test_get_endpoint_returns_200[/api/guides]" time="0.094" /><testcase classname="tests.test_final_smoke" name="test_get_endpoint_returns_200[/api/owner]" time="0.084" /><testcase classname="tests.test_final_smoke" name="test_get_endpoint_returns_200[/api/beta/info]" time="0.070" /><testcase classname="tests.test_final_smoke" name="test_get_endpoint_returns_200[/api/build-info]" time="0.080" /><testcase classname="tests.test_final_smoke" name="test_get_endpoint_returns_200[/api/verdicts]" time="0.072" /><testcase classname="tests.test_final_smoke" name="test_get_endpoint_returns_200[/api/upload/last-applied]" time="0.071" /><testcase classname="tests.test_final_smoke" name="test_upload_analysis_and_apply_roundtrip" time="8.302" /></testsuite></testsuites>