<?xml version="1.0" encoding="utf-8"?><testsuites name="pytest tests"><testsuite name="pytest" errors="0" failures="0" skipped="0" tests="21" time="5.956" timestamp="2026-07-03T00:57:18.782400+00:00" hostname="agent-env-13c99299-5777-414e-8f69-1730c3e4036d"><testcase classname="backend.tests.test_spp_backend.TestHealth" name="test_root" time="0.270" /><testcase classname="backend.tests.test_spp_backend.TestBriefing" name="test_briefing_shape" time="0.035" /><testcase classname="backend.tests.test_spp_backend.TestBriefing" name="test_narrative_is_executive_voice" time="0.037" /><testcase classname="backend.tests.test_spp_backend.TestBriefing" name="test_briefing_numbers" time="0.034" /><testcase classname="backend.tests.test_spp_backend.TestPortfolio" name="test_properties" time="0.071" /><testcase classname="backend.tests.test_spp_backend.TestPortfolio" name="test_property_by_id" time="0.075" /><testcase classname="backend.tests.test_spp_backend.TestPortfolio" name="test_property_not_found" time="0.072" /><testcase classname="backend.tests.test_spp_backend.TestPortfolio" name="test_tenants" time="0.072" /><testcase classname="backend.tests.test_spp_backend.TestPortfolio" name="test_contracts" time="0.071" /><testcase classname="backend.tests.test_spp_backend.TestReports" name="test_reports_list" time="0.072" /><testcase classname="backend.tests.test_spp_backend.TestKnowledge" name="test_knowledge_list" time="0.070" /><testcase classname="backend.tests.test_spp_backend.TestGuides" name="test_guides_list" time="0.069" /><testcase classname="backend.tests.test_spp_backend.TestOwner" name="test_owner" time="0.069" /><testcase classname="backend.tests.test_spp_backend.TestVerdicts" name="test_verdicts_shape" time="0.033" /><testcase classname="backend.tests.test_spp_backend.TestVerdicts" name="test_verdict_fields" time="0.029" /><testcase classname="backend.tests.test_spp_backend.TestAncillary" name="test_decisions" time="0.030" /><testcase classname="backend.tests.test_spp_backend.TestAncillary" name="test_sensors" time="0.071" /><testcase classname="backend.tests.test_spp_backend.TestAncillary" name="test_notifications" time="0.070" /><testcase classname="backend.tests.test_spp_backend.TestAncillary" name="test_timeline" time="0.072" /><testcase classname="backend.tests.test_spp_backend.TestChat" name="test_chat_endpoint" time="2.734" /><testcase classname="backend.tests.test_spp_backend.TestChat" name="test_chat_history_persistence" time="1.807" /></testsuite></testsuites>